Build started 2019/10/9 15:44:30.
     1>Project "d:\UserData\Personal\visual studio 2013\Projects\IsDebuggerPresentDEMO_x64\IsDebuggerPresentDEMO_x86\IsDebuggerPresentDEMO_x86.vcxproj" on node 2 (Build target(s)).
     1>ClCompile:
         D:\VS2013\VC\bin\CL.exe /c /Zi /nologo /W3 /WX- /O2 /Oi /Oy- /GL /D WIN32 /D _WINDOWS /D NDEBUG /D _UNICODE /D UNICODE /Gm- /EHsc /MT /GS /Gy /fp:precise /Zc:wchar_t /Zc:forScope /Yc"stdafx.h" /Fp"Release\IsDebuggerPresentDEMO_x86.pch" /Fo"Release\\" /Fd"Release\vc120.pdb" /Gd /TP /analyze- /errorReport:prompt stdafx.cpp
         stdafx.cpp
         D:\VS2013\VC\bin\CL.exe /c /Zi /nologo /W3 /WX- /O2 /Oi /Oy- /GL /D WIN32 /D _WINDOWS /D NDEBUG /D _UNICODE /D UNICODE /Gm- /EHsc /MT /GS /Gy /fp:precise /Zc:wchar_t /Zc:forScope /Yu"stdafx.h" /Fp"Release\IsDebuggerPresentDEMO_x86.pch" /Fo"Release\\" /Fd"Release\vc120.pdb" /Gd /TP /analyze- /errorReport:prompt IsDebuggerPresentDEMO_x86.cpp IsDebuggerPresentDEMO_x86Dlg.cpp
         IsDebuggerPresentDEMO_x86.cpp
         IsDebuggerPresentDEMO_x86Dlg.cpp
       ResourceCompile:
         C:\Program Files (x86)\Windows Kits\8.1\bin\x86\rc.exe /D NDEBUG /D _UNICODE /D UNICODE /l"0x0409" /IRelease\ /nologo /fo"Release\IsDebuggerPresentDEMO_x86.res" IsDebuggerPresentDEMO_x86.rc 
       Link:
         D:\VS2013\VC\bin\link.exe /ERRORREPORT:PROMPT /OUT:"d:\userdata\personal\visual studio 2013\Projects\IsDebuggerPresentDEMO_x64\Release\IsDebuggerPresentDEMO_x86.exe" /INCREMENTAL:NO /NOLOGO /MANIFEST /MANIFESTUAC:"level='asInvoker' uiAccess='false'" /manifest:embed /manifestinput:D:\VS2013\VC\Include\Manifest\dpiaware.manifest /DEBUG /PDB:"d:\userdata\personal\visual studio 2013\Projects\IsDebuggerPresentDEMO_x64\Release\IsDebuggerPresentDEMO_x86.pdb" /SUBSYSTEM:WINDOWS /OPT:REF /OPT:ICF /LTCG /TLBID:1 /ENTRY:"wWinMainCRTStartup" /DYNAMICBASE /NXCOMPAT /IMPLIB:"d:\userdata\personal\visual studio 2013\Projects\IsDebuggerPresentDEMO_x64\Release\IsDebuggerPresentDEMO_x86.lib" /MACHINE:X86 /SAFESEH Release\IsDebuggerPresentDEMO_x86.res
         Release\IsDebuggerPresentDEMO_x86.obj
         Release\IsDebuggerPresentDEMO_x86Dlg.obj
         Release\stdafx.obj
         Generating code
         Finished generating code
         IsDebuggerPresentDEMO_x86.vcxproj -> d:\userdata\personal\visual studio 2013\Projects\IsDebuggerPresentDEMO_x64\Release\IsDebuggerPresentDEMO_x86.exe
     1>Done Building Project "d:\UserData\Personal\visual studio 2013\Projects\IsDebuggerPresentDEMO_x64\IsDebuggerPresentDEMO_x86\IsDebuggerPresentDEMO_x86.vcxproj" (Build target(s)).

Build succeeded.

Time Elapsed 00:00:03.90
